<?xml version="1.0" encoding="UTF-8"?>
<testng-results ignored="0" total="1" passed="1" failed="0" skipped="0">
  <reporter-output>
  </reporter-output>
  <suite started-at="2019-04-20T06:12:24Z" name="Default suite" finished-at="2019-04-20T06:12:24Z" duration-ms="99">
    <groups>
    </groups>
    <test started-at="2019-04-20T06:12:24Z" name="Default test" finished-at="2019-04-20T06:12:24Z" duration-ms="99">
      <class name="simp.oneClas">
        <test-method signature="one()[pri:0, instance:simp.oneClas@3af9c5b7]" started-at="2019-04-20T06:12:24Z" name="one" finished-at="2019-04-20T06:12:24Z" duration-ms="16" status="PASS">
          <reporter-output>
          </reporter-output>
        </test-method> <!-- one -->
      </class> <!-- simp.oneClas -->
    </test> <!-- Default test -->
  </suite> <!-- Default suite -->
</testng-results>
